host: cpm-server2
Building DAG of jobs...
Using shell: /usr/bin/bash
Provided cores: 10
Rules claiming more threads will be scaled down.
Job stats:
job                 count
----------------  -------
all                     1
index_bam               2
minimap2_mapping        2
pbsv_call               2
pbsv_discover           2
sort_bam                2
total                  11

Select jobs to execute...
Execute 1 jobs...

[Thu Nov 28 14:37:42 2024]
localrule minimap2_mapping:
    input: /home/jhjh/pipline_long/hg38.fa, results/trimmed/SRR28305182.fastq.gz
    output: results/mapped/SRR28305182.bam
    log: logs/minimap2/SRR28305182.log
    jobid: 9
    reason: Code has changed since last execution
    wildcards: sample=SRR28305182
    threads: 10
    resources: tmpdir=/tmp

[Thu Nov 28 14:38:44 2024]
Finished job 9.
1 of 11 steps (9%) done
Select jobs to execute...
Execute 1 jobs...

[Thu Nov 28 14:38:44 2024]
localrule minimap2_mapping:
    input: /home/jhjh/pipline_long/hg38.fa, results/trimmed/SRR28305185.fastq.gz
    output: results/mapped/SRR28305185.bam
    log: logs/minimap2/SRR28305185.log
    jobid: 12
    reason: Missing output files: results/mapped/SRR28305185.bam; Code has changed since last execution
    wildcards: sample=SRR28305185
    threads: 10
    resources: tmpdir=/tmp

[Thu Nov 28 14:39:47 2024]
Finished job 12.
2 of 11 steps (18%) done
Select jobs to execute...
Execute 1 jobs...

[Thu Nov 28 14:39:47 2024]
localrule sort_bam:
    input: results/mapped/SRR28305182.bam
    output: results/mapped/SRR28305182.sorted.bam
    jobid: 8
    reason: Missing output files: results/mapped/SRR28305182.sorted.bam; Input files updated by another job: results/mapped/SRR28305182.bam
    wildcards: sample=SRR28305182
    threads: 8
    resources: tmpdir=/tmp

[Thu Nov 28 14:39:47 2024]
Finished job 8.
3 of 11 steps (27%) done
Removing temporary output results/mapped/SRR28305182.bam.
Select jobs to execute...
Execute 3 jobs...

[Thu Nov 28 14:39:47 2024]
localrule pbsv_discover:
    input: results/mapped/SRR28305182.sorted.bam
    output: results/variants/SRR28305182.svsig.gz
    jobid: 14
    reason: Missing output files: results/variants/SRR28305182.svsig.gz; Input files updated by another job: results/mapped/SRR28305182.sorted.bam
    wildcards: sample=SRR28305182
    resources: tmpdir=/tmp


[Thu Nov 28 14:39:47 2024]
localrule index_bam:
    input: results/mapped/SRR28305182.sorted.bam
    output: results/mapped/SRR28305182.sorted.bam.bai
    jobid: 7
    reason: Missing output files: results/mapped/SRR28305182.sorted.bam.bai; Input files updated by another job: results/mapped/SRR28305182.sorted.bam
    wildcards: sample=SRR28305182
    resources: tmpdir=/tmp


[Thu Nov 28 14:39:47 2024]
localrule sort_bam:
    input: results/mapped/SRR28305185.bam
    output: results/mapped/SRR28305185.sorted.bam
    jobid: 11
    reason: Input files updated by another job: results/mapped/SRR28305185.bam
    wildcards: sample=SRR28305185
    threads: 8
    resources: tmpdir=/tmp

[Thu Nov 28 14:39:47 2024]
Finished job 7.
4 of 11 steps (36%) done
[Thu Nov 28 14:39:47 2024]
Error in rule pbsv_discover:
    jobid: 14
    input: results/mapped/SRR28305182.sorted.bam
    output: results/variants/SRR28305182.svsig.gz
    shell:
        pbsv discover results/mapped/SRR28305182.sorted.bam results/variants/SRR28305182.svsig.gz
        (one of the commands exited with non-zero exit code; note that snakemake uses bash strict mode!)

Removing output files of failed job pbsv_discover since they might be corrupted:
results/variants/SRR28305182.svsig.gz
[Thu Nov 28 14:39:47 2024]
Finished job 11.
5 of 11 steps (45%) done
Removing temporary output results/mapped/SRR28305185.bam.
Shutting down, this might take some time.
Exiting because a job execution failed. Look above for error message
Complete log: .snakemake/log/2024-11-28T143742.697450.snakemake.log
WorkflowError:
At least one job did not complete successfully.
