host: cpm-server2
Building DAG of jobs...
Using shell: /usr/bin/bash
Provided cores: 20
Rules claiming more threads will be scaled down.
Job stats:
job              count
-------------  -------
all                  1
pbsv_call            2
pbsv_discover        2
total                5

Select jobs to execute...
Execute 2 jobs...

[Thu Nov 28 15:16:43 2024]
localrule pbsv_discover:
    input: results/mapped/SRR28305185.sorted.bam
    output: results/variants/SRR28305185.svsig.gz
    jobid: 16
    reason: Code has changed since last execution
    wildcards: sample=SRR28305185
    resources: tmpdir=/tmp


[Thu Nov 28 15:16:43 2024]
localrule pbsv_discover:
    input: results/mapped/SRR28305182.sorted.bam
    output: results/variants/SRR28305182.svsig.gz
    jobid: 14
    reason: Code has changed since last execution
    wildcards: sample=SRR28305182
    resources: tmpdir=/tmp

[Thu Nov 28 15:16:43 2024]
Finished job 16.
1 of 5 steps (20%) done
Select jobs to execute...
Execute 1 jobs...

[Thu Nov 28 15:16:43 2024]
localrule pbsv_call:
    input: /home/jhjh/pipline_long/hg38.fa, results/variants/SRR28305185.svsig.gz
    output: results/variants/SRR28305185.vcf
    jobid: 15
    reason: Input files updated by another job: results/variants/SRR28305185.svsig.gz
    wildcards: sample=SRR28305185
    resources: tmpdir=/tmp

[Thu Nov 28 15:16:43 2024]
Finished job 14.
2 of 5 steps (40%) done
Select jobs to execute...
Execute 1 jobs...

[Thu Nov 28 15:16:43 2024]
localrule pbsv_call:
    input: /home/jhjh/pipline_long/hg38.fa, results/variants/SRR28305182.svsig.gz
    output: results/variants/SRR28305182.vcf
    jobid: 13
    reason: Input files updated by another job: results/variants/SRR28305182.svsig.gz
    wildcards: sample=SRR28305182
    resources: tmpdir=/tmp

[Thu Nov 28 15:17:22 2024]
Finished job 15.
3 of 5 steps (60%) done
[Thu Nov 28 15:17:23 2024]
Finished job 13.
4 of 5 steps (80%) done
Select jobs to execute...
Execute 1 jobs...

[Thu Nov 28 15:17:23 2024]
localrule all:
    input: results/qc/nanoplot/SRR28305182, results/qc/nanoplot/SRR28305185, results/trimmed/SRR28305182.fastq.gz, results/trimmed/SRR28305185.fastq.gz, results/qc/nanoplot_post_trim/SRR28305182, results/qc/nanoplot_post_trim/SRR28305185, results/mapped/SRR28305182.sorted.bam.bai, results/mapped/SRR28305185.sorted.bam.bai, results/variants/SRR28305182.vcf, results/variants/SRR28305185.vcf
    jobid: 0
    reason: Input files updated by another job: results/variants/SRR28305185.vcf, results/variants/SRR28305182.vcf
    resources: tmpdir=/tmp

[Thu Nov 28 15:17:23 2024]
Finished job 0.
5 of 5 steps (100%) done
Complete log: .snakemake/log/2024-11-28T151643.442965.snakemake.log
